<?xml version="1.0" encoding="UTF-8"?>
<!-- Generated by org.testng.reporters.JUnitXMLReporter -->
<testsuite hostname="Hassan-PC" ignored="2" name="Regression suite 1(failed)" tests="1" failures="0" timestamp="13 Dec 2018 14:14:23 GMT" time="104.685" errors="0">
  <testcase name="validate_fitting_room_editlook" time="104.656" classname="Deployment.Verify_Fitting_Room_Edit_Look"/>
  <testcase name="validate_select_a_size" time="0.0" classname="Deployment.Verify_Fitting_Room_Edit_Look">
    <ignored/>
  </testcase> <!-- validate_select_a_size -->
  <testcase name="validate_change_color" time="0.0" classname="Deployment.Verify_Fitting_Room_Edit_Look">
    <ignored/>
  </testcase> <!-- validate_change_color -->
</testsuite> <!-- Regression suite 1(failed) -->
