<?xml version="1.0" encoding="UTF-8"?>
<!-- Generated by org.testng.reporters.JUnitXMLReporter -->
<testsuite hostname="Hassan-PC" ignored="1" name="Default test(failed)" tests="1" failures="0" timestamp="20 Nov 2018 13:29:54 GMT" time="0.031" errors="0">
  <testcase name="abc" time="0.009" classname="POM.TestCase.Verify_Fitting_Room_SearchPage"/>
  <testcase name="validate_fitting_searchpage" time="0.0" classname="POM.TestCase.Verify_Fitting_Room_SearchPage">
    <ignored/>
  </testcase> <!-- validate_fitting_searchpage -->
</testsuite> <!-- Default test(failed) -->
