<?xml version="1.0" encoding="UTF-8"?>
<!-- Generated by org.testng.reporters.JUnitXMLReporter -->
<testsuite ignored="5" hostname="Hassan-PC" failures="0" tests="1" name="Default test" time="26.373" errors="0" timestamp="11 Sep 2018 10:02:53 GMT">
  <testcase classname="mm.UnauthenticatedHomePage" name="Contactus" time="16.718"/>
  <testcase classname="mm.UnauthenticatedHomePage" name="cancel" time="0.0">
    <ignored/>
  </testcase> <!-- cancel -->
  <testcase classname="mm.UnauthenticatedHomePage" name="Men" time="0.0">
    <ignored/>
  </testcase> <!-- Men -->
  <testcase classname="mm.UnauthenticatedHomePage" name="Signin" time="0.0">
    <ignored/>
  </testcase> <!-- Signin -->
  <testcase classname="mm.UnauthenticatedHomePage" name="ForgotPassword" time="0.0">
    <ignored/>
  </testcase> <!-- ForgotPassword -->
  <testcase classname="mm.UnauthenticatedHomePage" name="women" time="0.0">
    <ignored/>
  </testcase> <!-- women -->
</testsuite> <!-- Default test -->
