<?xml version="1.0" encoding="UTF-8"?>
<!-- Generated by org.testng.reporters.JUnitXMLReporter -->
<testsuite hostname="Hassan-PC" ignored="2" name="Default test" tests="1" failures="0" timestamp="25 Sep 2018 17:16:47 GMT" time="32.689" errors="0">
  <testcase name="cancel" time="24.058" classname="WordpressQA.Cancelsignup"/>
  <testcase name="Signin" time="0.0" classname="WordpressQA.UnauthenticatedHomePage">
    <ignored/>
  </testcase> <!-- Signin -->
  <testcase name="Shop" time="0.0" classname="WordpressQA.UnauthenticatedHomePage">
    <ignored/>
  </testcase> <!-- Shop -->
</testsuite> <!-- Default test -->
