<?xml version="1.0" encoding="UTF-8"?>
<testng-results skipped="0" failed="0" ignored="2" total="3" passed="1">
  <reporter-output>
  </reporter-output>
  <suite name="Default suite" duration-ms="32689" started-at="2018-09-25T17:16:14Z" finished-at="2018-09-25T17:16:47Z">
    <groups>
    </groups>
    <test name="Default test" duration-ms="32689" started-at="2018-09-25T17:16:14Z" finished-at="2018-09-25T17:16:47Z">
      <class name="WordpressQA.Cancelsignup">
        <test-method status="PASS" signature="setup()[pri:0, instance:WordpressQA.Cancelsignup@1bce4f0a]" name="setup" is-config="true" duration-ms="7940" started-at="2018-09-25T17:16:14Z" finished-at="2018-09-25T17:16:22Z">
          <reporter-output>
          </reporter-output>
        </test-method> <!-- setup -->
        <test-method status="PASS" signature="cancel()[pri:4, instance:WordpressQA.Cancelsignup@1bce4f0a]" name="cancel" duration-ms="24058" started-at="2018-09-25T17:16:22Z" finished-at="2018-09-25T17:16:46Z">
          <reporter-output>
          </reporter-output>
        </test-method> <!-- cancel -->
        <test-method status="PASS" signature="teardown(org.testng.ITestResult)[pri:0, instance:WordpressQA.Cancelsignup@1bce4f0a]" name="teardown" is-config="true" duration-ms="667" started-at="2018-09-25T17:16:46Z" finished-at="2018-09-25T17:16:47Z">
          <params>
            <param index="0">
              <value>
                <![CDATA[[TestResult name=cancel status=SUCCESS method=Cancelsignup.cancel()[pri:4, instance:WordpressQA.Cancelsignup@1bce4f0a] output={null}]]]>
              </value>
            </param>
          </params>
          <reporter-output>
          </reporter-output>
        </test-method> <!-- teardown -->
      </class> <!-- WordpressQA.Cancelsignup -->
    </test> <!-- Default test -->
  </suite> <!-- Default suite -->
</testng-results>
