<?xml version="1.0" encoding="UTF-8"?>
<!-- Generated by org.testng.reporters.JUnitXMLReporter -->
<testsuite hostname="Hassan-PC" ignored="48" name="Nopackage" tests="3" failures="2" timestamp="04 Oct 2018 12:44:50 GMT" time="74.558" errors="0">
  <testcase name="Women" time="47.301" classname="WordpressQA.women"/>
  <testcase name="men" time="0.003" classname="WordpressQA.Men">
    <failure type="java.lang.NullPointerException">
      <![CDATA[java.lang.NullPointerException
at WordpressQA.Men.men(Men.java:19)
... Removed 25 stack frames]]>
    </failure>
  </testcase> <!-- men -->
  <testcase name="ForgotPwd" time="0.004" classname="WordpressQA.ForgotPassword">
    <failure type="java.lang.NullPointerException">
      <![CDATA[java.lang.NullPointerException
at WordpressQA.ForgotPassword.ForgotPwd(ForgotPassword.java:20)
... Removed 25 stack frames]]>
    </failure>
  </testcase> <!-- ForgotPwd -->
  <testcase name="PasswordNotMatched" time="0.0" classname="WordpressQA.SignInErrorHandling">
    <ignored/>
  </testcase> <!-- PasswordNotMatched -->
  <testcase name="MissingField" time="0.0" classname="WordpressQA.SignUpErrorHandling">
    <ignored/>
  </testcase> <!-- MissingField -->
  <testcase name="TermsNotChecked" time="0.0" classname="WordpressQA.SignUpErrorHandling">
    <ignored/>
  </testcase> <!-- TermsNotChecked -->
  <testcase name="InvalidPassword" time="0.0" classname="WordpressQA.SignUpErrorHandling">
    <ignored/>
  </testcase> <!-- InvalidPassword -->
  <testcase name="@BeforeTest set" time="0.0" classname="WordpressQA.UnauthenticatedHomePage">
    <ignored/>
  </testcase> <!-- @BeforeTest set -->
  <testcase name="@BeforeTest set" time="0.0" classname="WordpressQA.UnauthenticatedHomePage">
    <ignored/>
  </testcase> <!-- @BeforeTest set -->
  <testcase name="@BeforeTest set" time="0.0" classname="WordpressQA.UnauthenticatedHomePage">
    <ignored/>
  </testcase> <!-- @BeforeTest set -->
  <testcase name="@BeforeTest set" time="0.0" classname="WordpressQA.UnauthenticatedHomePage">
    <ignored/>
  </testcase> <!-- @BeforeTest set -->
  <testcase name="@BeforeTest set" time="0.0" classname="WordpressQA.UnauthenticatedHomePage">
    <ignored/>
  </testcase> <!-- @BeforeTest set -->
  <testcase name="@BeforeTest set" time="0.0" classname="WordpressQA.UnauthenticatedHomePage">
    <ignored/>
  </testcase> <!-- @BeforeTest set -->
  <testcase name="@BeforeTest set" time="0.0" classname="WordpressQA.UnauthenticatedHomePage">
    <ignored/>
  </testcase> <!-- @BeforeTest set -->
  <testcase name="@BeforeTest set" time="0.0" classname="WordpressQA.UnauthenticatedHomePage">
    <ignored/>
  </testcase> <!-- @BeforeTest set -->
  <testcase name="InvalidEmail" time="0.0" classname="WordpressQA.SignUpErrorHandling">
    <ignored/>
  </testcase> <!-- InvalidEmail -->
  <testcase name="cancel" time="0.0" classname="WordpressQA.Cancelsignup">
    <ignored/>
  </testcase> <!-- cancel -->
  <testcase name="InvalidCredentials" time="0.0" classname="WordpressQA.SignInErrorHandling">
    <ignored/>
  </testcase> <!-- InvalidCredentials -->
  <testcase name="Shop" time="0.0" classname="WordpressQA.UnauthenticatedHomePage">
    <ignored/>
  </testcase> <!-- Shop -->
  <testcase name="Shop" time="0.0" classname="WordpressQA.UnauthenticatedHomePage">
    <ignored/>
  </testcase> <!-- Shop -->
  <testcase name="Shop" time="0.0" classname="WordpressQA.UnauthenticatedHomePage">
    <ignored/>
  </testcase> <!-- Shop -->
  <testcase name="Shop" time="0.0" classname="WordpressQA.UnauthenticatedHomePage">
    <ignored/>
  </testcase> <!-- Shop -->
  <testcase name="Shop" time="0.0" classname="WordpressQA.UnauthenticatedHomePage">
    <ignored/>
  </testcase> <!-- Shop -->
  <testcase name="Shop" time="0.0" classname="WordpressQA.UnauthenticatedHomePage">
    <ignored/>
  </testcase> <!-- Shop -->
  <testcase name="Shop" time="0.0" classname="WordpressQA.UnauthenticatedHomePage">
    <ignored/>
  </testcase> <!-- Shop -->
  <testcase name="Shop" time="0.0" classname="WordpressQA.UnauthenticatedHomePage">
    <ignored/>
  </testcase> <!-- Shop -->
  <testcase name="Shop" time="0.0" classname="WordpressQA.UnauthenticatedHomePage">
    <ignored/>
  </testcase> <!-- Shop -->
  <testcase name="InvalidPwdCriteria" time="0.0" classname="WordpressQA.SignInErrorHandling">
    <ignored/>
  </testcase> <!-- InvalidPwdCriteria -->
  <testcase name="InvalidEmail" time="0.0" classname="WordpressQA.ContactUsErrorHandling">
    <ignored/>
  </testcase> <!-- InvalidEmail -->
  <testcase name="PasswordNotMatch" time="0.0" classname="WordpressQA.SignUpErrorHandling">
    <ignored/>
  </testcase> <!-- PasswordNotMatch -->
  <testcase name="Signin" time="0.0" classname="WordpressQA.UnauthenticatedHomePage">
    <ignored/>
  </testcase> <!-- Signin -->
  <testcase name="Signin" time="0.0" classname="WordpressQA.UnauthenticatedHomePage">
    <ignored/>
  </testcase> <!-- Signin -->
  <testcase name="Signin" time="0.0" classname="WordpressQA.UnauthenticatedHomePage">
    <ignored/>
  </testcase> <!-- Signin -->
  <testcase name="Signin" time="0.0" classname="WordpressQA.UnauthenticatedHomePage">
    <ignored/>
  </testcase> <!-- Signin -->
  <testcase name="Signin" time="0.0" classname="WordpressQA.UnauthenticatedHomePage">
    <ignored/>
  </testcase> <!-- Signin -->
  <testcase name="Signin" time="0.0" classname="WordpressQA.UnauthenticatedHomePage">
    <ignored/>
  </testcase> <!-- Signin -->
  <testcase name="Signin" time="0.0" classname="WordpressQA.UnauthenticatedHomePage">
    <ignored/>
  </testcase> <!-- Signin -->
  <testcase name="Signin" time="0.0" classname="WordpressQA.UnauthenticatedHomePage">
    <ignored/>
  </testcase> <!-- Signin -->
  <testcase name="Signin" time="0.0" classname="WordpressQA.UnauthenticatedHomePage">
    <ignored/>
  </testcase> <!-- Signin -->
  <testcase name="contactus" time="0.0" classname="WordpressQA.ContactUs">
    <ignored/>
  </testcase> <!-- contactus -->
  <testcase name="MissingFields" time="0.0" classname="WordpressQA.ContactUsErrorHandling">
    <ignored/>
  </testcase> <!-- MissingFields -->
  <testcase name="@AfterTest tear" time="0.0" classname="WordpressQA.UnauthenticatedHomePage">
    <ignored/>
  </testcase> <!-- @AfterTest tear -->
  <testcase name="@AfterTest tear" time="0.0" classname="WordpressQA.UnauthenticatedHomePage">
    <ignored/>
  </testcase> <!-- @AfterTest tear -->
  <testcase name="@AfterTest tear" time="0.0" classname="WordpressQA.UnauthenticatedHomePage">
    <ignored/>
  </testcase> <!-- @AfterTest tear -->
  <testcase name="@AfterTest tear" time="0.0" classname="WordpressQA.UnauthenticatedHomePage">
    <ignored/>
  </testcase> <!-- @AfterTest tear -->
  <testcase name="@AfterTest tear" time="0.0" classname="WordpressQA.UnauthenticatedHomePage">
    <ignored/>
  </testcase> <!-- @AfterTest tear -->
  <testcase name="@AfterTest tear" time="0.0" classname="WordpressQA.UnauthenticatedHomePage">
    <ignored/>
  </testcase> <!-- @AfterTest tear -->
  <testcase name="@AfterTest tear" time="0.0" classname="WordpressQA.UnauthenticatedHomePage">
    <ignored/>
  </testcase> <!-- @AfterTest tear -->
  <testcase name="@AfterTest tear" time="0.0" classname="WordpressQA.UnauthenticatedHomePage">
    <ignored/>
  </testcase> <!-- @AfterTest tear -->
  <testcase name="EmailNotFound" time="0.0" classname="WordpressQA.SignInErrorHandling">
    <ignored/>
  </testcase> <!-- EmailNotFound -->
  <testcase name="InvalidEmail" time="0.0" classname="WordpressQA.SignInErrorHandling">
    <ignored/>
  </testcase> <!-- InvalidEmail -->
</testsuite> <!-- Nopackage -->
