<?xml version="1.0" encoding="UTF-8"?>
<!-- Generated by org.testng.reporters.JUnitXMLReporter -->
<testsuite hostname="Hassan-PC" ignored="29" name="Nopackage" tests="7" failures="6" timestamp="03 Oct 2018 14:57:29 GMT" time="91.289" errors="0">
  <testcase name="men" time="0.006" classname="WordpressQA.Men">
    <failure type="java.lang.NullPointerException">
      <![CDATA[java.lang.NullPointerException
at WordpressQA.Men.men(Men.java:19)
... Removed 25 stack frames]]>
    </failure>
  </testcase> <!-- men -->
  <testcase name="Signin" time="0.003" classname="WordpressQA.UnauthenticatedHomePage">
    <failure type="java.lang.NullPointerException">
      <![CDATA[java.lang.NullPointerException
at WordpressQA.UnauthenticatedHomePage.Signin(UnauthenticatedHomePage.java:90)
... Removed 25 stack frames]]>
    </failure>
  </testcase> <!-- Signin -->
  <testcase name="Signin" time="0.004" classname="WordpressQA.UnauthenticatedHomePage">
    <failure type="java.lang.NullPointerException">
      <![CDATA[java.lang.NullPointerException
at WordpressQA.UnauthenticatedHomePage.Signin(UnauthenticatedHomePage.java:90)
... Removed 25 stack frames]]>
    </failure>
  </testcase> <!-- Signin -->
  <testcase name="Signin" time="28.132" classname="WordpressQA.UnauthenticatedHomePage"/>
  <testcase name="Signin" time="0.002" classname="WordpressQA.UnauthenticatedHomePage">
    <failure type="java.lang.NullPointerException">
      <![CDATA[java.lang.NullPointerException
at WordpressQA.UnauthenticatedHomePage.Signin(UnauthenticatedHomePage.java:90)
... Removed 25 stack frames]]>
    </failure>
  </testcase> <!-- Signin -->
  <testcase name="Signin" time="0.002" classname="WordpressQA.UnauthenticatedHomePage">
    <failure type="java.lang.NullPointerException">
      <![CDATA[java.lang.NullPointerException
at WordpressQA.UnauthenticatedHomePage.Signin(UnauthenticatedHomePage.java:90)
... Removed 25 stack frames]]>
    </failure>
  </testcase> <!-- Signin -->
  <testcase name="Signin" time="0.004" classname="WordpressQA.UnauthenticatedHomePage">
    <failure type="java.lang.NullPointerException">
      <![CDATA[java.lang.NullPointerException
at WordpressQA.UnauthenticatedHomePage.Signin(UnauthenticatedHomePage.java:90)
... Removed 25 stack frames]]>
    </failure>
  </testcase> <!-- Signin -->
  <testcase name="PasswordNotMatched" time="0.0" classname="WordpressQA.SignInErrorHandling">
    <ignored/>
  </testcase> <!-- PasswordNotMatched -->
  <testcase name="MissingField" time="0.0" classname="WordpressQA.SignUpErrorHandling">
    <ignored/>
  </testcase> <!-- MissingField -->
  <testcase name="TermsNotChecked" time="0.0" classname="WordpressQA.SignUpErrorHandling">
    <ignored/>
  </testcase> <!-- TermsNotChecked -->
  <testcase name="InvalidPassword" time="0.0" classname="WordpressQA.SignUpErrorHandling">
    <ignored/>
  </testcase> <!-- InvalidPassword -->
  <testcase name="@BeforeTest set" time="0.0" classname="WordpressQA.UnauthenticatedHomePage">
    <ignored/>
  </testcase> <!-- @BeforeTest set -->
  <testcase name="@BeforeTest set" time="0.0" classname="WordpressQA.UnauthenticatedHomePage">
    <ignored/>
  </testcase> <!-- @BeforeTest set -->
  <testcase name="@BeforeTest set" time="0.0" classname="WordpressQA.UnauthenticatedHomePage">
    <ignored/>
  </testcase> <!-- @BeforeTest set -->
  <testcase name="@BeforeTest set" time="0.0" classname="WordpressQA.UnauthenticatedHomePage">
    <ignored/>
  </testcase> <!-- @BeforeTest set -->
  <testcase name="@BeforeTest set" time="0.0" classname="WordpressQA.UnauthenticatedHomePage">
    <ignored/>
  </testcase> <!-- @BeforeTest set -->
  <testcase name="InvalidEmail" time="0.0" classname="WordpressQA.SignUpErrorHandling">
    <ignored/>
  </testcase> <!-- InvalidEmail -->
  <testcase name="InvalidCredentials" time="0.0" classname="WordpressQA.SignInErrorHandling">
    <ignored/>
  </testcase> <!-- InvalidCredentials -->
  <testcase name="Shop" time="0.0" classname="WordpressQA.UnauthenticatedHomePage">
    <ignored/>
  </testcase> <!-- Shop -->
  <testcase name="Shop" time="0.0" classname="WordpressQA.UnauthenticatedHomePage">
    <ignored/>
  </testcase> <!-- Shop -->
  <testcase name="Shop" time="0.0" classname="WordpressQA.UnauthenticatedHomePage">
    <ignored/>
  </testcase> <!-- Shop -->
  <testcase name="Shop" time="0.0" classname="WordpressQA.UnauthenticatedHomePage">
    <ignored/>
  </testcase> <!-- Shop -->
  <testcase name="Shop" time="0.0" classname="WordpressQA.UnauthenticatedHomePage">
    <ignored/>
  </testcase> <!-- Shop -->
  <testcase name="Shop" time="0.0" classname="WordpressQA.UnauthenticatedHomePage">
    <ignored/>
  </testcase> <!-- Shop -->
  <testcase name="InvalidPwdCriteria" time="0.0" classname="WordpressQA.SignInErrorHandling">
    <ignored/>
  </testcase> <!-- InvalidPwdCriteria -->
  <testcase name="InvalidEmail" time="0.0" classname="WordpressQA.ContactUsErrorHandling">
    <ignored/>
  </testcase> <!-- InvalidEmail -->
  <testcase name="PasswordNotMatch" time="0.0" classname="WordpressQA.SignUpErrorHandling">
    <ignored/>
  </testcase> <!-- PasswordNotMatch -->
  <testcase name="MissingFields" time="0.0" classname="WordpressQA.ContactUsErrorHandling">
    <ignored/>
  </testcase> <!-- MissingFields -->
  <testcase name="@AfterTest tear" time="0.0" classname="WordpressQA.UnauthenticatedHomePage">
    <ignored/>
  </testcase> <!-- @AfterTest tear -->
  <testcase name="@AfterTest tear" time="0.0" classname="WordpressQA.UnauthenticatedHomePage">
    <ignored/>
  </testcase> <!-- @AfterTest tear -->
  <testcase name="@AfterTest tear" time="0.0" classname="WordpressQA.UnauthenticatedHomePage">
    <ignored/>
  </testcase> <!-- @AfterTest tear -->
  <testcase name="@AfterTest tear" time="0.0" classname="WordpressQA.UnauthenticatedHomePage">
    <ignored/>
  </testcase> <!-- @AfterTest tear -->
  <testcase name="@AfterTest tear" time="0.0" classname="WordpressQA.UnauthenticatedHomePage">
    <ignored/>
  </testcase> <!-- @AfterTest tear -->
  <testcase name="EmailNotFound" time="0.0" classname="WordpressQA.SignInErrorHandling">
    <ignored/>
  </testcase> <!-- EmailNotFound -->
  <testcase name="InvalidEmail" time="0.0" classname="WordpressQA.SignInErrorHandling">
    <ignored/>
  </testcase> <!-- InvalidEmail -->
  <testcase name="Women" time="0.0" classname="WordpressQA.women">
    <ignored/>
  </testcase> <!-- Women -->
</testsuite> <!-- Nopackage -->
