<?xml version="1.0" encoding="UTF-8"?>
<!-- Generated by org.testng.reporters.JUnitXMLReporter -->
<testsuite hostname="Hassan-PC" ignored="0" name="Regression suite 1" tests="14" failures="0" timestamp="05 Nov 2018 17:22:48 GMT" time="579.877" errors="0">
  <testcase name="validate_women" time="54.422" classname="Updated.POM.Testcases.WomenTest"/>
  <testcase name="validate_men" time="53.144" classname="Updated.POM.Testcases.MenTest"/>
  <testcase name="InvalidEmail" time="22.076" classname="POM.TestCase.SignUpErrorHandling"/>
  <testcase name="PasswordNotMatch" time="22.171" classname="POM.TestCase.SignUpErrorHandling"/>
  <testcase name="checkValidCredentials" time="16.844" classname="POM.TestCase.Verify_Login"/>
  <testcase name="validate_forgot_password" time="92.751" classname="POM.TestCase.Verify_Forgot_Password"/>
  <testcase name="Invalidcrdentials" time="20.046" classname="POM.TestCase.Signin_Errorhandling"/>
  <testcase name="InvalidEmail" time="20.849" classname="POM.TestCase.Signin_Errorhandling"/>
  <testcase name="EmailNotFound" time="21.667" classname="POM.TestCase.Signin_Errorhandling"/>
  <testcase name="InvalidPwdCriteria" time="84.75" classname="POM.TestCase.Signin_Errorhandling"/>
  <testcase name="PasswordNotMatched" time="86.046" classname="POM.TestCase.Signin_Errorhandling"/>
  <testcase name="validate_contactus" time="28.942" classname="POM.TestCase.Verify_Contactus"/>
  <testcase name="Missing_Fields" time="24.194" classname="POM.TestCase.Contactus_Errorhandling"/>
  <testcase name="validate_cancelsignup" time="31.94" classname="POM.TestCase.Verify_Cancelsignup"/>
</testsuite> <!-- Regression suite 1 -->
