<?xml version="1.0" encoding="UTF-8"?>
<!-- Generated by org.testng.reporters.JUnitXMLReporter -->
<testsuite hostname="Hassan-PC" ignored="7" name="Regression suite 1" tests="5" failures="3" timestamp="15 Nov 2018 18:15:29 GMT" time="488.876" errors="0">
  <testcase name="InvalidPwdCriteria" time="93.545" classname="POM.TestCase.Signin_Errorhandling"/>
  <testcase name="validate_shop_checkout" time="180.458" classname="POM.TestCase.Verify_Shop_Checkout">
    <failure type="org.openqa.selenium.TimeoutException" message="timeout
  (Session info: chrome=70.0.3538.102)
  (Driver info: chromedriver=2.41.578737 (49da6702b16031c40d63e5618de03a32ff6c197e),platform=Windows NT 10.0.16299 x86_64) (WARNING: The server did not provide any stacktrace information)
Command duration or timeout: 0 milliseconds
Build info: version: &amp;apos;3.14.0&amp;apos;, revision: &amp;apos;aacccce0&amp;apos;, time: &amp;apos;2018-08-02T20:05:20.749Z&amp;apos;
System info: host: &amp;apos;HASSAN-PC&amp;apos;, ip: &amp;apos;192.168.0.220&amp;apos;, os.name: &amp;apos;Windows 10&amp;apos;, os.arch: &amp;apos;amd64&amp;apos;, os.version: &amp;apos;10.0&amp;apos;, java.version: &amp;apos;1.8.0_191&amp;apos;
Driver info: org.openqa.selenium.chrome.ChromeDriver
Capabilities {acceptInsecureCerts: false, acceptSslCerts: false, applicationCacheEnabled: false, browserConnectionEnabled: false, browserName: chrome, chrome: {chromedriverVersion: 2.41.578737 (49da6702b16031..., userDataDir: C:\Users\M604D~1.ABD\AppDat...}, cssSelectorsEnabled: true, databaseEnabled: false, goog:chromeOptions: {debuggerAddress: localhost:59624}, handlesAlerts: true, hasTouchScreen: false, javascriptEnabled: true, locationContextEnabled: true, mobileEmulationEnabled: false, nativeEvents: true, networkConnectionEnabled: false, pageLoadStrategy: normal, platform: XP, platformName: XP, rotatable: false, setWindowRect: true, takesHeapSnapshot: true, takesScreenshot: true, unexpectedAlertBehaviour: , unhandledPromptBehavior: , version: 70.0.3538.102, webStorageEnabled: true}
Session ID: c1d35e496595781ff4e06c167b914987
*** Element info: {Using=xpath, value=//a[@class=&amp;apos;product-grid-image&amp;apos;]}">
      <![CDATA[org.openqa.selenium.TimeoutException: timeout
  (Session info: chrome=70.0.3538.102)
  (Driver info: chromedriver=2.41.578737 (49da6702b16031c40d63e5618de03a32ff6c197e),platform=Windows NT 10.0.16299 x86_64) (WARNING: The server did not provide any stacktrace information)
Command duration or timeout: 0 milliseconds
Build info: version: '3.14.0', revision: 'aacccce0', time: '2018-08-02T20:05:20.749Z'
System info: host: 'HASSAN-PC', ip: '192.168.0.220', os.name: 'Windows 10', os.arch: 'amd64', os.version: '10.0', java.version: '1.8.0_191'
Driver info: org.openqa.selenium.chrome.ChromeDriver
Capabilities {acceptInsecureCerts: false, acceptSslCerts: false, applicationCacheEnabled: false, browserConnectionEnabled: false, browserName: chrome, chrome: {chromedriverVersion: 2.41.578737 (49da6702b16031..., userDataDir: C:\Users\M604D~1.ABD\AppDat...}, cssSelectorsEnabled: true, databaseEnabled: false, goog:chromeOptions: {debuggerAddress: localhost:59624}, handlesAlerts: true, hasTouchScreen: false, javascriptEnabled: true, locationContextEnabled: true, mobileEmulationEnabled: false, nativeEvents: true, networkConnectionEnabled: false, pageLoadStrategy: normal, platform: XP, platformName: XP, rotatable: false, setWindowRect: true, takesHeapSnapshot: true, takesScreenshot: true, unexpectedAlertBehaviour: , unhandledPromptBehavior: , version: 70.0.3538.102, webStorageEnabled: true}
Session ID: c1d35e496595781ff4e06c167b914987
*** Element info: {Using=xpath, value=//a[@class='product-grid-image']}
at org.openqa.selenium.remote.ErrorHandler.createThrowable(ErrorHandler.java:214)
at org.openqa.selenium.remote.ErrorHandler.throwIfResponseFailed(ErrorHandler.java:166)
at org.openqa.selenium.remote.http.JsonHttpResponseCodec.reconstructValue(JsonHttpResponseCodec.java:40)
at org.openqa.selenium.remote.http.AbstractHttpResponseCodec.decode(AbstractHttpResponseCodec.java:80)
at org.openqa.selenium.remote.http.AbstractHttpResponseCodec.decode(AbstractHttpResponseCodec.java:44)
at org.openqa.selenium.remote.HttpCommandExecutor.execute(HttpCommandExecutor.java:158)
at org.openqa.selenium.remote.service.DriverCommandExecutor.execute(DriverCommandExecutor.java:83)
at org.openqa.selenium.remote.RemoteWebDriver.execute(RemoteWebDriver.java:548)
at org.openqa.selenium.remote.RemoteWebDriver.findElement(RemoteWebDriver.java:322)
at org.openqa.selenium.remote.RemoteWebDriver.findElementByXPath(RemoteWebDriver.java:424)
at org.openqa.selenium.By$ByXPath.findElement(By.java:353)
at org.openqa.selenium.remote.RemoteWebDriver.findElement(RemoteWebDriver.java:314)
at org.openqa.selenium.support.pagefactory.DefaultElementLocator.findElement(DefaultElementLocator.java:69)
at org.openqa.selenium.support.pagefactory.internal.LocatingElementHandler.invoke(LocatingElementHandler.java:38)
at com.sun.proxy.$Proxy7.toString(Unknown Source)
at java.lang.String.valueOf(Unknown Source)
at java.lang.StringBuilder.append(Unknown Source)
at org.openqa.selenium.support.ui.ExpectedConditions$23.toString(ExpectedConditions.java:699)
at java.lang.String.valueOf(Unknown Source)
at java.lang.StringBuilder.append(Unknown Source)
at org.openqa.selenium.support.ui.FluentWait.until(FluentWait.java:279)
at library.Synchronization.Exception_Handling(Synchronization.java:121)
at PageObjectModel.Shop_Checkout.click_product_Detail(Shop_Checkout.java:116)
at POM.TestCase.Verify_Shop_Checkout.validate_shop_checkout(Verify_Shop_Checkout.java:36)
... Removed 29 stack frames]]>
    </failure>
  </testcase> <!-- validate_shop_checkout -->
  <testcase name="validate_change_color" time="47.955" classname="POM.TestCase.Verify_Fitting_Room_Edit_Look">
    <failure type="org.openqa.selenium.WebDriverException" message="unknown error: Element &amp;lt;a href=&amp;quot;#0&amp;quot; class=&amp;quot;hanger&amp;quot; data-shopid=&amp;quot;529753210934&amp;quot; data-v3stack_product_id=&amp;quot;1120&amp;quot; id=&amp;quot;1120&amp;quot; data-product-title=&amp;quot;Oversized Crew Neck Tee&amp;quot; data-product-url=&amp;quot;https://shop.selfiestyler.com/products/oversized-crew-neck-tee&amp;quot; data-product-image=&amp;quot;//cdn.shopify.com/s/files/1/2977/3794/products/granite-oversized-crew-1_small.jpg?v=1523899712&amp;quot; data-product-vendor=&amp;quot;Monrow&amp;quot; data-customer-id=&amp;quot;527649964086&amp;quot; data-customer-email=&amp;quot;chandellevaldizon@yahoo.com&amp;quot; data-customer-name=&amp;quot;Chandler Valdizon&amp;quot; style=&amp;quot;opacity: 1; visibility: visible;&amp;quot;&amp;gt;&amp;lt;/a&amp;gt; is not clickable at point (698, 458). Other element would receive the click: &amp;lt;div...class=&amp;quot;overlay-all&amp;quot; style=&amp;quot; position: absolute; top: 0;right: 0; width: 100%; height:36px; z-index:10000&amp;quot;&amp;gt; &amp;lt;/div&amp;gt;
  (Session info: chrome=70.0.3538.102)
  (Driver info: chromedriver=2.41.578737 (49da6702b16031c40d63e5618de03a32ff6c197e),platform=Windows NT 10.0.16299 x86_64) (WARNING: The server did not provide any stacktrace information)
Command duration or timeout: 0 milliseconds
Build info: version: &amp;apos;3.14.0&amp;apos;, revision: &amp;apos;aacccce0&amp;apos;, time: &amp;apos;2018-08-02T20:05:20.749Z&amp;apos;
System info: host: &amp;apos;HASSAN-PC&amp;apos;, ip: &amp;apos;192.168.0.220&amp;apos;, os.name: &amp;apos;Windows 10&amp;apos;, os.arch: &amp;apos;amd64&amp;apos;, os.version: &amp;apos;10.0&amp;apos;, java.version: &amp;apos;1.8.0_191&amp;apos;
Driver info: org.openqa.selenium.chrome.ChromeDriver
Capabilities {acceptInsecureCerts: false, acceptSslCerts: false, applicationCacheEnabled: false, browserConnectionEnabled: false, browserName: chrome, chrome: {chromedriverVersion: 2.41.578737 (49da6702b16031..., userDataDir: C:\Users\M604D~1.ABD\AppDat...}, cssSelectorsEnabled: true, databaseEnabled: false, goog:chromeOptions: {debuggerAddress: localhost:59975}, handlesAlerts: true, hasTouchScreen: false, javascriptEnabled: true, locationContextEnabled: true, mobileEmulationEnabled: false, nativeEvents: true, networkConnectionEnabled: false, pageLoadStrategy: normal, platform: XP, platformName: XP, rotatable: false, setWindowRect: true, takesHeapSnapshot: true, takesScreenshot: true, unexpectedAlertBehaviour: , unhandledPromptBehavior: , version: 70.0.3538.102, webStorageEnabled: true}
Session ID: 0bde63be6ab80cd7d7fbe1a5d39b65df">
      <![CDATA[org.openqa.selenium.WebDriverException: unknown error: Element <a href="#0" class="hanger" data-shopid="529753210934" data-v3stack_product_id="1120" id="1120" data-product-title="Oversized Crew Neck Tee" data-product-url="https://shop.selfiestyler.com/products/oversized-crew-neck-tee" data-product-image="//cdn.shopify.com/s/files/1/2977/3794/products/granite-oversized-crew-1_small.jpg?v=1523899712" data-product-vendor="Monrow" data-customer-id="527649964086" data-customer-email="chandellevaldizon@yahoo.com" data-customer-name="Chandler Valdizon" style="opacity: 1; visibility: visible;"></a> is not clickable at point (698, 458). Other element would receive the click: <div...class="overlay-all" style=" position: absolute; top: 0;right: 0; width: 100%; height:36px; z-index:10000"> </div>
  (Session info: chrome=70.0.3538.102)
  (Driver info: chromedriver=2.41.578737 (49da6702b16031c40d63e5618de03a32ff6c197e),platform=Windows NT 10.0.16299 x86_64) (WARNING: The server did not provide any stacktrace information)
Command duration or timeout: 0 milliseconds
Build info: version: '3.14.0', revision: 'aacccce0', time: '2018-08-02T20:05:20.749Z'
System info: host: 'HASSAN-PC', ip: '192.168.0.220', os.name: 'Windows 10', os.arch: 'amd64', os.version: '10.0', java.version: '1.8.0_191'
Driver info: org.openqa.selenium.chrome.ChromeDriver
Capabilities {acceptInsecureCerts: false, acceptSslCerts: false, applicationCacheEnabled: false, browserConnectionEnabled: false, browserName: chrome, chrome: {chromedriverVersion: 2.41.578737 (49da6702b16031..., userDataDir: C:\Users\M604D~1.ABD\AppDat...}, cssSelectorsEnabled: true, databaseEnabled: false, goog:chromeOptions: {debuggerAddress: localhost:59975}, handlesAlerts: true, hasTouchScreen: false, javascriptEnabled: true, locationContextEnabled: true, mobileEmulationEnabled: false, nativeEvents: true, networkConnectionEnabled: false, pageLoadStrategy: normal, platform: XP, platformName: XP, rotatable: false, setWindowRect: true, takesHeapSnapshot: true, takesScreenshot: true, unexpectedAlertBehaviour: , unhandledPromptBehavior: , version: 70.0.3538.102, webStorageEnabled: true}
Session ID: 0bde63be6ab80cd7d7fbe1a5d39b65df
at org.openqa.selenium.remote.ErrorHandler.createThrowable(ErrorHandler.java:214)
at org.openqa.selenium.remote.ErrorHandler.throwIfResponseFailed(ErrorHandler.java:166)
at org.openqa.selenium.remote.http.JsonHttpResponseCodec.reconstructValue(JsonHttpResponseCodec.java:40)
at org.openqa.selenium.remote.http.AbstractHttpResponseCodec.decode(AbstractHttpResponseCodec.java:80)
at org.openqa.selenium.remote.http.AbstractHttpResponseCodec.decode(AbstractHttpResponseCodec.java:44)
at org.openqa.selenium.remote.HttpCommandExecutor.execute(HttpCommandExecutor.java:158)
at org.openqa.selenium.remote.service.DriverCommandExecutor.execute(DriverCommandExecutor.java:83)
at org.openqa.selenium.remote.RemoteWebDriver.execute(RemoteWebDriver.java:548)
at org.openqa.selenium.remote.RemoteWebElement.execute(RemoteWebElement.java:276)
at org.openqa.selenium.remote.RemoteWebElement.click(RemoteWebElement.java:83)
at org.openqa.selenium.support.pagefactory.internal.LocatingElementHandler.invoke(LocatingElementHandler.java:51)
at com.sun.proxy.$Proxy7.click(Unknown Source)
at PageObjectModel.Fitting_Room_Edit_Look.click_monrow_product(Fitting_Room_Edit_Look.java:248)
at POM.TestCase.Verify_Fitting_Room_Edit_Look.validate_change_color(Verify_Fitting_Room_Edit_Look.java:225)
... Removed 33 stack frames]]>
    </failure>
  </testcase> <!-- validate_change_color -->
  <testcase name="validate_fitting_room_buylook" time="39.452" classname="POM.TestCase.Verify_Fitting_Room_Buy_Look">
    <failure type="org.openqa.selenium.WebDriverException" message="unknown error: Element &amp;lt;a href=&amp;quot;#0&amp;quot; class=&amp;quot;hanger&amp;quot; data-shopid=&amp;quot;529756979254&amp;quot; data-v3stack_product_id=&amp;quot;1399&amp;quot; id=&amp;quot;1399&amp;quot; data-product-title=&amp;quot;Surplice Top&amp;quot; data-product-url=&amp;quot;https://shop.selfiestyler.com/collections/women/products/surplice-top&amp;quot; data-product-image=&amp;quot;//cdn.shopify.com/s/files/1/2977/3794/products/Lush_T13746-I_Pink_MD_1_small.jpg?v=1524270715&amp;quot; data-product-vendor=&amp;quot;Lush Clothing&amp;quot; data-customer-id=&amp;quot;849579474998&amp;quot; data-customer-email=&amp;quot;qa-women@mailinator.com&amp;quot; data-customer-name=&amp;quot;QA test&amp;quot; style=&amp;quot;opacity: 1; visibility: visible;&amp;quot;&amp;gt;&amp;lt;/a&amp;gt; is not clickable at point (698, 110). Other element would receive the click: &amp;lt;div...class=&amp;quot;overlay-all&amp;quot; style=&amp;quot; position: absolute; top: 0;right: 0; width: 100%; height:36px; z-index:10000&amp;quot;&amp;gt; &amp;lt;/div&amp;gt;
  (Session info: chrome=70.0.3538.102)
  (Driver info: chromedriver=2.41.578737 (49da6702b16031c40d63e5618de03a32ff6c197e),platform=Windows NT 10.0.16299 x86_64) (WARNING: The server did not provide any stacktrace information)
Command duration or timeout: 0 milliseconds
Build info: version: &amp;apos;3.14.0&amp;apos;, revision: &amp;apos;aacccce0&amp;apos;, time: &amp;apos;2018-08-02T20:05:20.749Z&amp;apos;
System info: host: &amp;apos;HASSAN-PC&amp;apos;, ip: &amp;apos;192.168.0.220&amp;apos;, os.name: &amp;apos;Windows 10&amp;apos;, os.arch: &amp;apos;amd64&amp;apos;, os.version: &amp;apos;10.0&amp;apos;, java.version: &amp;apos;1.8.0_191&amp;apos;
Driver info: org.openqa.selenium.chrome.ChromeDriver
Capabilities {acceptInsecureCerts: false, acceptSslCerts: false, applicationCacheEnabled: false, browserConnectionEnabled: false, browserName: chrome, chrome: {chromedriverVersion: 2.41.578737 (49da6702b16031..., userDataDir: C:\Users\M604D~1.ABD\AppDat...}, cssSelectorsEnabled: true, databaseEnabled: false, goog:chromeOptions: {debuggerAddress: localhost:60138}, handlesAlerts: true, hasTouchScreen: false, javascriptEnabled: true, locationContextEnabled: true, mobileEmulationEnabled: false, nativeEvents: true, networkConnectionEnabled: false, pageLoadStrategy: normal, platform: XP, platformName: XP, rotatable: false, setWindowRect: true, takesHeapSnapshot: true, takesScreenshot: true, unexpectedAlertBehaviour: , unhandledPromptBehavior: , version: 70.0.3538.102, webStorageEnabled: true}
Session ID: 6c0ff70dd59df5d611725bb8c6eaf33f">
      <![CDATA[org.openqa.selenium.WebDriverException: unknown error: Element <a href="#0" class="hanger" data-shopid="529756979254" data-v3stack_product_id="1399" id="1399" data-product-title="Surplice Top" data-product-url="https://shop.selfiestyler.com/collections/women/products/surplice-top" data-product-image="//cdn.shopify.com/s/files/1/2977/3794/products/Lush_T13746-I_Pink_MD_1_small.jpg?v=1524270715" data-product-vendor="Lush Clothing" data-customer-id="849579474998" data-customer-email="qa-women@mailinator.com" data-customer-name="QA test" style="opacity: 1; visibility: visible;"></a> is not clickable at point (698, 110). Other element would receive the click: <div...class="overlay-all" style=" position: absolute; top: 0;right: 0; width: 100%; height:36px; z-index:10000"> </div>
  (Session info: chrome=70.0.3538.102)
  (Driver info: chromedriver=2.41.578737 (49da6702b16031c40d63e5618de03a32ff6c197e),platform=Windows NT 10.0.16299 x86_64) (WARNING: The server did not provide any stacktrace information)
Command duration or timeout: 0 milliseconds
Build info: version: '3.14.0', revision: 'aacccce0', time: '2018-08-02T20:05:20.749Z'
System info: host: 'HASSAN-PC', ip: '192.168.0.220', os.name: 'Windows 10', os.arch: 'amd64', os.version: '10.0', java.version: '1.8.0_191'
Driver info: org.openqa.selenium.chrome.ChromeDriver
Capabilities {acceptInsecureCerts: false, acceptSslCerts: false, applicationCacheEnabled: false, browserConnectionEnabled: false, browserName: chrome, chrome: {chromedriverVersion: 2.41.578737 (49da6702b16031..., userDataDir: C:\Users\M604D~1.ABD\AppDat...}, cssSelectorsEnabled: true, databaseEnabled: false, goog:chromeOptions: {debuggerAddress: localhost:60138}, handlesAlerts: true, hasTouchScreen: false, javascriptEnabled: true, locationContextEnabled: true, mobileEmulationEnabled: false, nativeEvents: true, networkConnectionEnabled: false, pageLoadStrategy: normal, platform: XP, platformName: XP, rotatable: false, setWindowRect: true, takesHeapSnapshot: true, takesScreenshot: true, unexpectedAlertBehaviour: , unhandledPromptBehavior: , version: 70.0.3538.102, webStorageEnabled: true}
Session ID: 6c0ff70dd59df5d611725bb8c6eaf33f
at org.openqa.selenium.remote.ErrorHandler.createThrowable(ErrorHandler.java:214)
at org.openqa.selenium.remote.ErrorHandler.throwIfResponseFailed(ErrorHandler.java:166)
at org.openqa.selenium.remote.http.JsonHttpResponseCodec.reconstructValue(JsonHttpResponseCodec.java:40)
at org.openqa.selenium.remote.http.AbstractHttpResponseCodec.decode(AbstractHttpResponseCodec.java:80)
at org.openqa.selenium.remote.http.AbstractHttpResponseCodec.decode(AbstractHttpResponseCodec.java:44)
at org.openqa.selenium.remote.HttpCommandExecutor.execute(HttpCommandExecutor.java:158)
at org.openqa.selenium.remote.service.DriverCommandExecutor.execute(DriverCommandExecutor.java:83)
at org.openqa.selenium.remote.RemoteWebDriver.execute(RemoteWebDriver.java:548)
at org.openqa.selenium.remote.RemoteWebElement.execute(RemoteWebElement.java:276)
at org.openqa.selenium.remote.RemoteWebElement.click(RemoteWebElement.java:83)
at org.openqa.selenium.support.pagefactory.internal.LocatingElementHandler.invoke(LocatingElementHandler.java:51)
at com.sun.proxy.$Proxy7.click(Unknown Source)
at PageObjectModel.Fitting_Room_Hanger_Icon.click_hanger(Fitting_Room_Hanger_Icon.java:51)
at POM.TestCase.Verify_Fitting_Room_Buy_Look.validate_fitting_room_buylook(Verify_Fitting_Room_Buy_Look.java:54)
... Removed 32 stack frames]]>
    </failure>
  </testcase> <!-- validate_fitting_room_buylook -->
  <testcase name="validate_Favorite_FittingRoom" time="127.41" classname="POM.TestCase.Favorite_FittingRoom"/>
  <testcase name="Invalidcrdentials" time="0.0" classname="POM.TestCase.Signin_Errorhandling">
    <ignored/>
  </testcase> <!-- Invalidcrdentials -->
  <testcase name="validate_fitting_room_editlook" time="0.0" classname="POM.TestCase.Verify_Fitting_Room_Edit_Look">
    <ignored/>
  </testcase> <!-- validate_fitting_room_editlook -->
  <testcase name="EmailNotFound" time="0.0" classname="POM.TestCase.Signin_Errorhandling">
    <ignored/>
  </testcase> <!-- EmailNotFound -->
  <testcase name="validate_calibrated_user" time="0.0" classname="POM.TestCase.Verify_Fitting_Room_Edit_Look">
    <ignored/>
  </testcase> <!-- validate_calibrated_user -->
  <testcase name="PasswordNotMatched" time="0.0" classname="POM.TestCase.Signin_Errorhandling">
    <ignored/>
  </testcase> <!-- PasswordNotMatched -->
  <testcase name="validate_select_a_size" time="0.0" classname="POM.TestCase.Verify_Fitting_Room_Edit_Look">
    <ignored/>
  </testcase> <!-- validate_select_a_size -->
  <testcase name="InvalidEmail" time="0.0" classname="POM.TestCase.Signin_Errorhandling">
    <ignored/>
  </testcase> <!-- InvalidEmail -->
</testsuite> <!-- Regression suite 1 -->
