<?xml version="1.0" encoding="UTF-8"?>
<!-- Generated by org.testng.reporters.JUnitXMLReporter -->
<testsuite hostname="Hassan-PC" ignored="0" name="Regression" tests="3" failures="1" timestamp="30 Nov 2018 11:36:07 GMT" time="69.57" errors="0">
  <testcase name="verify_title" time="0.031" classname="PageObjectModel.Base"/>
  <testcase name="validate_women" time="43.884" classname="Updated.POM.Testcases.cdc"/>
  <testcase name="validate_men" time="0.002" classname="Updated.POM.Testcases.abc">
    <failure type="java.lang.Error" message="Unresolved compilation problem: 
	extent cannot be resolved
">
      <![CDATA[java.lang.Error: Unresolved compilation problem: 
extent cannot be resolved

at Updated.POM.Testcases.abc.validate_men(abc.java:37)
... Removed 25 stack frames]]>
    </failure>
  </testcase> <!-- validate_men -->
</testsuite> <!-- Regression -->
